Commit automático Fri Jan  2 17:04:04 UTC 2026
Commit automático Sat Jan  3 13:24:57 UTC 2026
Commit automático Sun Jan  4 13:25:52 UTC 2026
Commit automático Sun Jan  4 23:44:26 UTC 2026
Commit automático Mon Jan  5 13:36:31 UTC 2026
Commit automático Tue Jan  6 13:33:05 UTC 2026
Commit automático Wed Jan  7 13:35:16 UTC 2026
Commit automático Thu Jan  8 13:36:34 UTC 2026
Commit automático Fri Jan  9 13:33:51 UTC 2026
Commit automático Sat Jan 10 13:25:06 UTC 2026
Commit automático Sun Jan 11 13:25:53 UTC 2026
Commit automático Mon Jan 12 13:37:49 UTC 2026
Commit automático Tue Jan 13 13:36:50 UTC 2026
Commit automático Wed Jan 14 13:36:03 UTC 2026
Commit automático Thu Jan 15 13:35:33 UTC 2026
Commit automático Fri Jan 16 13:33:25 UTC 2026
Commit automático Sat Jan 17 13:24:47 UTC 2026
Commit automático Sun Jan 18 13:24:40 UTC 2026
Commit automático Mon Jan 19 13:40:31 UTC 2026
Commit automático Tue Jan 20 13:41:24 UTC 2026
Commit automático Wed Jan 21 13:40:10 UTC 2026
Commit automático Thu Jan 22 13:41:20 UTC 2026
Commit automático Fri Jan 23 13:37:58 UTC 2026
Commit automático Sat Jan 24 13:26:29 UTC 2026
Commit automático Sun Jan 25 13:28:19 UTC 2026
Commit automático Mon Jan 26 13:39:29 UTC 2026
Commit automático Tue Jan 27 13:41:15 UTC 2026
Commit automático Wed Jan 28 13:42:35 UTC 2026
Commit automático Thu Jan 29 13:55:26 UTC 2026
Commit automático Fri Jan 30 13:50:45 UTC 2026
Commit automático Sat Jan 31 13:37:02 UTC 2026
Commit automático Sun Feb  1 13:38:20 UTC 2026
Commit automático Mon Feb  2 13:57:39 UTC 2026
Commit automático Tue Feb  3 13:59:41 UTC 2026
